Using pre-set license
Built from '2020.2/release' branch; Version is '2020.2.1f1 (270dd8c3da1c) revision 2559448'; Using compiler version '192528614'; Build Type 'Release'
OS: 'Windows 10  (10.0.0) 64bit' Language: 'en' Physical Memory: 16196 MB
BatchMode: 1, IsHumanControllingUs: 0, StartBugReporterOnCrash: 0, Is64bit: 1, IsPro: 0

 COMMAND LINE ARGUMENTS:
C:\Program Files\Unity\Hub\Editor\2020.2.1f1\Editor\Unity.exe
-adb2
-batchMode
-noUpm
-name
AssetImportWorker0
-projectPath
C:/Users/Joseph Mitchell/Documents/GitHub/MainRepos/UnityFile
-logFile
Logs/AssetImportWorker0.log
-srvPort
51483
Successfully changed project path to: C:/Users/Joseph Mitchell/Documents/GitHub/MainRepos/UnityFile
C:/Users/Joseph Mitchell/Documents/GitHub/MainRepos/UnityFile
Using Asset Import Pipeline V2.
Refreshing native plugins compatible for Editor in 27.34 ms, found 0 plugins.
Preloading 0 native plugins for Editor in 0.00 ms.
Initialize engine version: 2020.2.1f1 (270dd8c3da1c)
[Subsystems] Discovering subsystems at path C:/Program Files/Unity/Hub/Editor/2020.2.1f1/Editor/Data/Resources/UnitySubsystems
[Subsystems] Discovering subsystems at path C:/Users/Joseph Mitchell/Documents/GitHub/MainRepos/UnityFile/Assets
GfxDevice: creating device client; threaded=0
Direct3D:
    Version:  Direct3D 11.0 [level 11.1]
    Renderer: NVIDIA GeForce GTX 1660 Ti (ID=0x2191)
    Vendor:   
    VRAM:     5991 MB
    Driver:   27.21.14.5730
Initialize mono
Mono path[0] = 'C:/Program Files/Unity/Hub/Editor/2020.2.1f1/Editor/Data/Managed'
Mono path[1] = 'C:/Program Files/Unity/Hub/Editor/2020.2.1f1/Editor/Data/MonoBleedingEdge/lib/mono/unityjit'
Mono config path = 'C:/Program Files/Unity/Hub/Editor/2020.2.1f1/Editor/Data/MonoBleedingEdge/etc'
Using monoOptions --debugger-agent=transport=dt_socket,embedding=1,server=y,suspend=n,address=127.0.0.1:56276
Begin MonoManager ReloadAssembly
Registering precompiled unity dll's ...
Register platform support module: C:/Program Files/Unity/Hub/Editor/2020.2.1f1/Editor/Data/PlaybackEngines/MacStandaloneSupport/UnityEditor.OSXStandalone.Extensions.dll
Register platform support module: C:/Program Files/Unity/Hub/Editor/2020.2.1f1/Editor/Data/PlaybackEngines/WindowsStandaloneSupport/UnityEditor.WindowsStandalone.Extensions.dll
Register platform support module: C:/Program Files/Unity/Hub/Editor/2020.2.1f1/Editor/Data/PlaybackEngines/LuminSupport/UnityEditor.Lumin.Extensions.dll
Registered in 0.003368 seconds.
Native extension for Lumin target not found
Native extension for WindowsStandalone target not found
Native extension for OSXStandalone target not found
Refreshing native plugins compatible for Editor in 26.74 ms, found 0 plugins.
Preloading 0 native plugins for Editor in 0.00 ms.
Invoked RoslynAnalysisRunner static constructor.
RoslynAnalysisRunner will not be running.
RoslynAnalysisRunner has terminated.
Mono: successfully reloaded assembly
- Completed reload, in  2.499 seconds
Platform modules already initialized, skipping
Registering precompiled user dll's ...
Registered in 0.001005 seconds.
Begin MonoManager ReloadAssembly
Native extension for Lumin target not found
Native extension for WindowsStandalone target not found
Native extension for OSXStandalone target not found
Refreshing native plugins compatible for Editor in 0.20 ms, found 0 plugins.
Preloading 0 native plugins for Editor in 0.00 ms.
Invoked RoslynAnalysisRunner static constructor.
RoslynAnalysisRunner will not be running.
RoslynAnalysisRunner has terminated.
Mono: successfully reloaded assembly
- Completed reload, in  0.799 seconds
Platform modules already initialized, skipping
========================================================================
Worker process is ready to serve import requests
Launched and connected shader compiler UnityShaderCompiler.exe after 0.06 seconds
Refreshing native plugins compatible for Editor in 0.23 ms, found 0 plugins.
Preloading 0 native plugins for Editor in 0.00 ms.
Unloading 1149 Unused Serialized files (Serialized files now loaded: 0)
System memory in use before: 78.1 MB.
System memory in use after: 78.2 MB.

Unloading 8 unused Assets to reduce memory usage. Loaded Objects now: 1612.
Total: 1.488600 ms (FindLiveObjects: 0.135100 ms CreateObjectMapping: 0.045300 ms MarkObjects: 1.292000 ms  DeleteObjects: 0.015300 ms)

========================================================================
Received Import Request.
  path: Assets/scripts/InstantiationExample.cs
  artifactKey: Guid(b55173866cb820d448206315a8573a2c) Importer(815301076,1909f56bfc062723c751e8b465ee728b)
Start importing Assets/scripts/InstantiationExample.cs using Guid(b55173866cb820d448206315a8573a2c) Importer(815301076,1909f56bfc062723c751e8b465ee728b)  -> (artifact id: '333cb029f4aca64fd35384b7cde584ce') in 0.050397 seconds
  Import took 0.052276 seconds .

========================================================================
Received Import Request.
  Time since last request: 0.000198 seconds.
  path: Assets/scripts/EnemyControl.cs
  artifactKey: Guid(2010969bdcbb6894a9cd5a37ec7e0a0b) Importer(815301076,1909f56bfc062723c751e8b465ee728b)
Start importing Assets/scripts/EnemyControl.cs using Guid(2010969bdcbb6894a9cd5a37ec7e0a0b) Importer(815301076,1909f56bfc062723c751e8b465ee728b)  -> (artifact id: 'a7a460affcd367c01d797cfaf7c70185') in 0.002972 seconds
  Import took 0.004970 seconds .

========================================================================
Received Import Request.
  Time since last request: 0.000194 seconds.
  path: Assets/scripts/PathControl.cs
  artifactKey: Guid(da9b9b11e5764b54382dcb62622bf753) Importer(815301076,1909f56bfc062723c751e8b465ee728b)
Start importing Assets/scripts/PathControl.cs using Guid(da9b9b11e5764b54382dcb62622bf753) Importer(815301076,1909f56bfc062723c751e8b465ee728b)  -> (artifact id: '3c718a2fdfc1766e7b3d1f351eaeb494') in 0.003027 seconds
  Import took 0.005178 seconds .

========================================================================
Received Import Request.
  Time since last request: 3.804469 seconds.
  path: Assets/scripts/ShurikenFly.cs
  artifactKey: Guid(fa750606a0bf87843a6f5084e08959c4) Importer(815301076,1909f56bfc062723c751e8b465ee728b)
Start importing Assets/scripts/ShurikenFly.cs using Guid(fa750606a0bf87843a6f5084e08959c4) Importer(815301076,1909f56bfc062723c751e8b465ee728b)  -> (artifact id: '18b23a8aa3b8dfdc64b46e589b68a16d') in 0.002417 seconds
  Import took 0.004060 seconds .

========================================================================
Received Import Request.
  Time since last request: 2.161863 seconds.
  path: Assets/scripts/swipe.cs
  artifactKey: Guid(5fb0b997301af8444b707f5541df6d6b) Importer(815301076,1909f56bfc062723c751e8b465ee728b)
Start importing Assets/scripts/swipe.cs using Guid(5fb0b997301af8444b707f5541df6d6b) Importer(815301076,1909f56bfc062723c751e8b465ee728b)  -> (artifact id: 'db97292cc3d7dd59f79661e0211bb164') in 0.002774 seconds
  Import took 0.004478 seconds .

========================================================================
Received Import Request.
  Time since last request: 0.002059 seconds.
  path: Assets/scripts/swipe.cs
  artifactKey: Guid(5fb0b997301af8444b707f5541df6d6b) Importer(815301076,1909f56bfc062723c751e8b465ee728b)
Start importing Assets/scripts/swipe.cs using Guid(5fb0b997301af8444b707f5541df6d6b) Importer(815301076,1909f56bfc062723c751e8b465ee728b)  -> (artifact id: 'db97292cc3d7dd59f79661e0211bb164') in 0.002522 seconds
  Import took 0.004177 seconds .

========================================================================
Received Prepare
Refreshing native plugins compatible for Editor in 0.96 ms, found 0 plugins.
Preloading 0 native plugins for Editor in 0.00 ms.
Unloading 2 Unused Serialized files (Serialized files now loaded: 0)
System memory in use before: 54.6 MB.
System memory in use after: 54.8 MB.

Unloading 2 unused Assets to reduce memory usage. Loaded Objects now: 1612.
Total: 1.445300 ms (FindLiveObjects: 0.147700 ms CreateObjectMapping: 0.047300 ms MarkObjects: 1.235700 ms  DeleteObjects: 0.013300 ms)

AssetImportWorkerClient::OnTransportError - code=2 error=End of file
